<?xml version="1.0" encoding="UTF-8"?>
<testsuite name="StringTest" tests="18" skipped="0" failures="0" errors="0" timestamp="2020-03-24T17:12:24" hostname="beatriz-Lenovo-Y520-15IKBN" time="0.343">
  <properties/>
  <testcase name="happyHour" classname="StringTest" time="0.0"/>
  <testcase name="stringReplacer" classname="StringTest" time="0.001"/>
  <testcase name="impatientStrategy" classname="StringTest" time="0.001"/>
  <testcase name="transformUndo" classname="StringTest" time="0.001"/>
  <testcase name="stringDrink" classname="StringTest" time="0.0"/>
  <testcase name="removeObserver" classname="StringTest" time="0.329"/>
  <testcase name="smartStrategyStartClosed" classname="StringTest" time="0.001"/>
  <testcase name="stringInverter" classname="StringTest" time="0.0"/>
  <testcase name="smartStrategyStartOpened" classname="StringTest" time="0.0"/>
  <testcase name="addObserver" classname="StringTest" time="0.005"/>
  <testcase name="orderStringRecipe" classname="StringTest" time="0.0"/>
  <testcase name="transformerGroup" classname="StringTest" time="0.001"/>
  <testcase name="transformerComposite" classname="StringTest" time="0.0"/>
  <testcase name="stringRecipe" classname="StringTest" time="0.0"/>
  <testcase name="ferengiStartClosed" classname="StringTest" time="0.0"/>
  <testcase name="ferengiAlreadyOpened" classname="StringTest" time="0.0"/>
  <testcase name="romulan" classname="StringTest" time="0.0"/>
  <testcase name="stringCaseChanger" classname="StringTest" time="0.0"/>
  <system-out><![CDATA[]]></system-out>
  <system-err><![CDATA[]]></system-err>
</testsuite>
