<?xml version="1.0" encoding="UTF-8"?>
<testsuite name="StringTest" tests="6" skipped="0" failures="0" errors="0" timestamp="2020-03-24T16:01:58" hostname="beatriz-Lenovo-Y520-15IKBN" time="0.004">
  <properties/>
  <testcase name="stringReplacer" classname="StringTest" time="0.001"/>
  <testcase name="transformUndo" classname="StringTest" time="0.001"/>
  <testcase name="stringDrink" classname="StringTest" time="0.0"/>
  <testcase name="stringInverter" classname="StringTest" time="0.0"/>
  <testcase name="stringRecipe" classname="StringTest" time="0.0"/>
  <testcase name="stringCaseChanger" classname="StringTest" time="0.0"/>
  <system-out><![CDATA[]]></system-out>
  <system-err><![CDATA[]]></system-err>
</testsuite>
